[debug] [2021-07-01T01:52:04.784Z] ----------------------------------------------------------------------
[debug] [2021-07-01T01:52:04.786Z] Command:       /home/saadh/.nvm/versions/node/v16.0.0/bin/node /home/saadh/.nvm/versions/node/v16.0.0/bin/firebase emulators:start --project=demo-friendlychat-android
[debug] [2021-07-01T01:52:04.787Z] CLI Version:   9.14.0
[debug] [2021-07-01T01:52:04.787Z] Platform:      linux
[debug] [2021-07-01T01:52:04.787Z] Node Version:  v16.0.0
[debug] [2021-07-01T01:52:04.788Z] Time:          Wed Jun 30 2021 21:52:04 GMT-0400 (Eastern Daylight Time)
[debug] [2021-07-01T01:52:04.788Z] ----------------------------------------------------------------------
[debug] 
[debug] [2021-07-01T01:52:04.798Z] > command requires scopes: ["email","openid","https://www.googleapis.com/auth/cloudplatformprojects.readonly","https://www.googleapis.com/auth/firebase","https://www.googleapis.com/auth/cloud-platform"]
[debug] [2021-07-01T01:52:04.798Z] > authorizing via signed-in user (saadhahmed00@gmail.com)
[info] i  emulators: Starting emulators: auth, database, storage {"metadata":{"emulator":{"name":"hub"},"message":"Starting emulators: auth, database, storage"}}
[info] i  emulators: Detected demo project ID "demo-friendlychat-android", emulated services will use a demo configuration and attempts to access non-emulated services for this project will fail. {"metadata":{"emulator":{"name":"hub"},"message":"Detected demo project ID \"demo-friendlychat-android\", emulated services will use a demo configuration and attempts to access non-emulated services for this project will fail."}}
[warn] ⚠  emulators: It seems that you are running multiple instances of the emulator suite for project demo-friendlychat-android. This may result in unexpected behavior. 
[debug] [2021-07-01T01:52:04.822Z] [hub] writing locator at /tmp/hub-demo-friendlychat-android.json
[debug] [2021-07-01T01:52:04.859Z] > refreshing access token with scopes: []
[debug] [2021-07-01T01:52:04.860Z] >>> HTTP REQUEST POST https://www.googleapis.com/oauth2/v3/token  
 <request body omitted>
[debug] [2021-07-01T01:52:04.984Z] <<< HTTP RESPONSE 200 {"expires":"Mon, 01 Jan 1990 00:00:00 GMT","date":"Thu, 01 Jul 2021 01:52:05 GMT","cache-control":"no-cache, no-store, max-age=0, must-revalidate","pragma":"no-cache","content-type":"application/json; charset=utf-8","vary":"X-Origin, Referer, Origin,Accept-Encoding","server":"scaffolding on HTTPServer2","x-xss-protection":"0","x-frame-options":"SAMEORIGIN","x-content-type-options":"nosniff","alt-svc":"h3=\":443\"; ma=2592000,h3-29=\":443\"; ma=2592000,h3-T051=\":443\"; ma=2592000,h3-Q050=\":443\"; ma=2592000,h3-Q046=\":443\"; ma=2592000,h3-Q043=\":443\"; ma=2592000,quic=\":443\"; ma=2592000; v=\"46,43\"","accept-ranges":"none","transfer-encoding":"chunked"}
[debug] [2021-07-01T01:52:05.012Z] >>> [apiv2][query] GET https://firebase.googleapis.com/v1beta1/projects/demo-friendlychat-android [none]
[debug] [2021-07-01T01:52:05.258Z] <<< [apiv2][status] GET https://firebase.googleapis.com/v1beta1/projects/demo-friendlychat-android 403
[debug] [2021-07-01T01:52:05.258Z] <<< [apiv2][body] GET https://firebase.googleapis.com/v1beta1/projects/demo-friendlychat-android {"error":{"code":403,"message":"The caller does not have permission","status":"PERMISSION_DENIED"}}
[debug] [2021-07-01T01:52:05.258Z] HTTP Error: 403, The caller does not have permission
[debug] [2021-07-01T01:52:05.259Z] Failed to retrieve default database instance: {"name":"FirebaseError","children":[],"exit":2,"message":"Failed to get Firebase project demo-friendlychat-android. Please make sure the project exists and your account has permission to access it.","original":{"name":"FirebaseError","children":[],"context":{"body":{"error":{"code":403,"message":"The caller does not have permission","status":"PERMISSION_DENIED"}},"response":{"statusCode":403}},"exit":1,"message":"HTTP Error: 403, The caller does not have permission","status":403},"status":500} {"metadata":{"emulator":{"name":"database"},"message":"Failed to retrieve default database instance: {\"name\":\"FirebaseError\",\"children\":[],\"exit\":2,\"message\":\"Failed to get Firebase project demo-friendlychat-android. Please make sure the project exists and your account has permission to access it.\",\"original\":{\"name\":\"FirebaseError\",\"children\":[],\"context\":{\"body\":{\"error\":{\"code\":403,\"message\":\"The caller does not have permission\",\"status\":\"PERMISSION_DENIED\"}},\"response\":{\"statusCode\":403}},\"exit\":1,\"message\":\"HTTP Error: 403, The caller does not have permission\",\"status\":403},\"status\":500}"}}
[debug] [2021-07-01T01:52:05.259Z] database rules config:  [{"instance":"demo-friendlychat-android-default-rtdb","rules":"/mnt/d/Master Folder/GSU/App Dev/hw2/codelab-friendlychat-android/database.rules.json"}]
[debug] [2021-07-01T01:52:05.265Z] Ignoring unsupported arg: projectId {"metadata":{"emulator":{"name":"database"},"message":"Ignoring unsupported arg: projectId"}}
[debug] [2021-07-01T01:52:05.265Z] Ignoring unsupported arg: auto_download {"metadata":{"emulator":{"name":"database"},"message":"Ignoring unsupported arg: auto_download"}}
[debug] [2021-07-01T01:52:05.265Z] Ignoring unsupported arg: rules {"metadata":{"emulator":{"name":"database"},"message":"Ignoring unsupported arg: rules"}}
[debug] [2021-07-01T01:52:05.266Z] Starting Database Emulator with command {"binary":"java","args":["-Djava.net.preferIPv4Stack=true","-Duser.language=en","-jar","/home/saadh/.cache/firebase/emulators/firebase-database-emulator-v4.7.2.jar","--host","127.0.0.1","--port",9000],"optionalArgs":["port","host","functions_emulator_port","functions_emulator_host"],"joinArgs":false} {"metadata":{"emulator":{"name":"database"},"message":"Starting Database Emulator with command {\"binary\":\"java\",\"args\":[\"-Djava.net.preferIPv4Stack=true\",\"-Duser.language=en\",\"-jar\",\"/home/saadh/.cache/firebase/emulators/firebase-database-emulator-v4.7.2.jar\",\"--host\",\"127.0.0.1\",\"--port\",9000],\"optionalArgs\":[\"port\",\"host\",\"functions_emulator_port\",\"functions_emulator_host\"],\"joinArgs\":false}"}}
[info] i  database: Database Emulator logging to database-debug.log {"metadata":{"emulator":{"name":"database"},"message":"Database Emulator logging to \u001b[1mdatabase-debug.log\u001b[22m"}}
[debug] [2021-07-01T01:52:06.415Z] WARNING: An illegal reflective access operation has occurred
WARNING: Illegal reflective access by io.netty.util.internal.ReflectionUtil (file:/home/saadh/.cache/firebase/emulators/firebase-database-emulator-v4.7.2.jar) to field sun.nio.ch.SelectorImpl.selectedKeys
WARNING: Please consider reporting this to the maintainers of io.netty.util.internal.ReflectionUtil
WARNING: Use --illegal-access=warn to enable warnings of further illegal reflective access operations
WARNING: All illegal access operations will be denied in a future release {"metadata":{"emulator":{"name":"database"},"message":"WARNING: An illegal reflective access operation has occurred\nWARNING: Illegal reflective access by io.netty.util.internal.ReflectionUtil (file:/home/saadh/.cache/firebase/emulators/firebase-database-emulator-v4.7.2.jar) to field sun.nio.ch.SelectorImpl.selectedKeys\nWARNING: Please consider reporting this to the maintainers of io.netty.util.internal.ReflectionUtil\nWARNING: Use --illegal-access=warn to enable warnings of further illegal reflective access operations\nWARNING: All illegal access operations will be denied in a future release"}}
[debug] [2021-07-01T01:52:06.416Z] 
 {"metadata":{"emulator":{"name":"database"},"message":"\n"}}
[debug] [2021-07-01T01:52:07.546Z] 21:52:07.544 [NamespaceSystem-akka.actor.default-dispatcher-5] INFO akka.event.slf4j.Slf4jLogger - Slf4jLogger started
 {"metadata":{"emulator":{"name":"database"},"message":"21:52:07.544 [NamespaceSystem-akka.actor.default-dispatcher-5] INFO akka.event.slf4j.Slf4jLogger - Slf4jLogger started\n"}}
[debug] [2021-07-01T01:52:07.757Z] 21:52:07.756 [main] INFO com.firebase.server.forge.App$ - Listening at 127.0.0.1:9000
 {"metadata":{"emulator":{"name":"database"},"message":"21:52:07.756 [main] INFO com.firebase.server.forge.App$ - Listening at 127.0.0.1:9000\n"}}
[debug] [2021-07-01T01:52:10.896Z] Ignoring unsupported arg: port {"metadata":{"emulator":{"name":"storage"},"message":"Ignoring unsupported arg: port"}}
[debug] [2021-07-01T01:52:11.237Z] Temp file directory for storage emulator: /tmp/firebase/storage/blobs {"metadata":{"emulator":{"name":"storage"},"message":"Temp file directory for storage emulator: /tmp/firebase/storage/blobs"}}
[debug] [2021-07-01T01:52:12.296Z] Ignoring unsupported arg: auto_download {"metadata":{"emulator":{"name":"ui"},"message":"Ignoring unsupported arg: auto_download"}}
[debug] [2021-07-01T01:52:12.297Z] Ignoring unsupported arg: port {"metadata":{"emulator":{"name":"ui"},"message":"Ignoring unsupported arg: port"}}
[debug] [2021-07-01T01:52:12.297Z] Starting Emulator UI with command {"binary":"node","args":["/home/saadh/.cache/firebase/emulators/ui-v1.5.0/server.bundle.js"],"optionalArgs":[],"joinArgs":false} {"metadata":{"emulator":{"name":"ui"},"message":"Starting Emulator UI with command {\"binary\":\"node\",\"args\":[\"/home/saadh/.cache/firebase/emulators/ui-v1.5.0/server.bundle.js\"],\"optionalArgs\":[],\"joinArgs\":false}"}}
[info] i  ui: Emulator UI logging to ui-debug.log {"metadata":{"emulator":{"name":"ui"},"message":"Emulator UI logging to \u001b[1mui-debug.log\u001b[22m"}}
[debug] [2021-07-01T01:52:12.451Z] Web / API server started at http://127.0.0.1:4000
 {"metadata":{"emulator":{"name":"ui"},"message":"Web / API server started at http://127.0.0.1:4000\n"}}
[debug] [2021-07-01T01:52:12.624Z] >>> HTTP REQUEST PUT http://127.0.0.1:9000/.settings/rules.json?ns=demo-friendlychat-android-default-rtdb  
 {
  "rules": {
    "messages": {
      ".read": "auth.uid != null",
      ".write": "auth.uid != null"
    }
  }
}

[debug] [2021-07-01T01:52:13.182Z] <<< HTTP RESPONSE 200 {"content-length":"15","content-type":"application/json; charset=utf-8","access-control-allow-origin":"*","cache-control":"no-cache","x-firebase-project-id":"demo-friendlychat-android-default-rtdb","x-firebase-project-number":"123456789","x-firebase-uuid":"253540a6-cf42-4291-a9a3-9f0cbf3445af"}
[info] 
┌─────────────────────────────────────────────────────────────┐
│ ✔  All emulators ready! It is now safe to connect your app. │
│ i  View Emulator UI at http://127.0.0.1:4000                │
└─────────────────────────────────────────────────────────────┘

┌────────────────┬────────────────┬────────────────────────────────┐
│ Emulator       │ Host:Port      │ View in Emulator UI            │
├────────────────┼────────────────┼────────────────────────────────┤
│ Authentication │ 127.0.0.1:9099 │ http://127.0.0.1:4000/auth     │
├────────────────┼────────────────┼────────────────────────────────┤
│ Database       │ 127.0.0.1:9000 │ http://127.0.0.1:4000/database │
├────────────────┼────────────────┼────────────────────────────────┤
│ Storage        │ 127.0.0.1:9199 │ http://127.0.0.1:4000/storage  │
└────────────────┴────────────────┴────────────────────────────────┘
  Emulator Hub running at 127.0.0.1:4400
  Other reserved ports: 4500

Issues? Report them at https://github.com/firebase/firebase-tools/issues and attach the *-debug.log files.
 
[debug] [2021-07-01T03:17:20.756Z] Received signal SIGHUP 1
[info]  
[info] i  emulators: Received SIGHUP for the first time. Starting a clean shutdown. 
[info] i  emulators: Please wait for a clean shutdown or send the SIGHUP signal again to stop right now. 
[debug] [2021-07-01T03:17:20.765Z] Error: write EIO
    at afterWriteDispatched (node:internal/stream_base_commons:160:15)
    at writeGeneric (node:internal/stream_base_commons:151:3)
    at WriteStream.Socket._writeGeneric (node:net:769:11)
    at WriteStream.Socket._write (node:net:781:8)
    at writeOrBuffer (node:internal/streams/writable:389:12)
    at _write (node:internal/streams/writable:330:10)
    at WriteStream.Writable.write (node:internal/streams/writable:334:10)
    at Console.log (/home/saadh/.nvm/versions/node/v16.0.0/lib/node_modules/firebase-tools/node_modules/winston/lib/winston/transports/console.js:79:23)
    at Console._write (/home/saadh/.nvm/versions/node/v16.0.0/lib/node_modules/firebase-tools/node_modules/winston-transport/index.js:103:17)
    at doWrite (/home/saadh/.nvm/versions/node/v16.0.0/lib/node_modules/firebase-tools/node_modules/winston-transport/node_modules/readable-stream/lib/_stream_writable.js:428:64)
    at writeOrBuffer (/home/saadh/.nvm/versions/node/v16.0.0/lib/node_modules/firebase-tools/node_modules/winston-transport/node_modules/readable-stream/lib/_stream_writable.js:417:5)
    at Console.Writable.write (/home/saadh/.nvm/versions/node/v16.0.0/lib/node_modules/firebase-tools/node_modules/winston-transport/node_modules/readable-stream/lib/_stream_writable.js:334:11)
    at DerivedLogger.ondata (/home/saadh/.nvm/versions/node/v16.0.0/lib/node_modules/firebase-tools/node_modules/readable-stream/lib/_stream_readable.js:681:20)
    at DerivedLogger.emit (node:events:377:35)
    at DerivedLogger.emit (node:domain:470:12)
    at addChunk (/home/saadh/.nvm/versions/node/v16.0.0/lib/node_modules/firebase-tools/node_modules/readable-stream/lib/_stream_readable.js:298:12)
[error] 
[error] Error: An unexpected error has occurred.
[info] i  emulators: Shutting down emulators. {"metadata":{"emulator":{"name":"hub"},"message":"Shutting down emulators."}}
[info] i  ui: Stopping Emulator UI {"metadata":{"emulator":{"name":"ui"},"message":"Stopping Emulator UI"}}
[warn] ⚠  Emulator UI has exited upon receiving signal: SIGINT 
[info] i  database: Stopping Database Emulator {"metadata":{"emulator":{"name":"database"},"message":"Stopping Database Emulator"}}
[debug] [2021-07-01T03:17:20.826Z] 23:17:20.824 [Thread-0] INFO com.firebase.server.forge.App$ - Attempting graceful shutdown.
 {"metadata":{"emulator":{"name":"database"},"message":"23:17:20.824 [Thread-0] INFO com.firebase.server.forge.App$ - Attempting graceful shutdown.\n"}}
[debug] [2021-07-01T03:17:20.949Z] 23:17:20.949 [NamespaceSystem-akka.actor.default-dispatcher-34] INFO com.firebase.core.namespace.Terminator$Terminator - 2 actors left to terminate: demo-friendlychat-android-default-rtdb, demo-friendlychat-android
 {"metadata":{"emulator":{"name":"database"},"message":"23:17:20.949 [NamespaceSystem-akka.actor.default-dispatcher-34] INFO com.firebase.core.namespace.Terminator$Terminator - 2 actors left to terminate: demo-friendlychat-android-default-rtdb, demo-friendlychat-android\n"}}
[debug] [2021-07-01T03:17:20.966Z] 23:17:20.965 [NamespaceSystem-akka.actor.default-dispatcher-33] INFO com.firebase.core.namespace.NamespaceActor - Stopping namespace actor for demo-friendlychat-android
23:17:20.965 [NamespaceSystem-akka.actor.default-dispatcher-35] INFO com.firebase.core.namespace.NamespaceActor - Stopping namespace actor for demo-friendlychat-android-default-rtdb
 {"metadata":{"emulator":{"name":"database"},"message":"23:17:20.965 [NamespaceSystem-akka.actor.default-dispatcher-33] INFO com.firebase.core.namespace.NamespaceActor - Stopping namespace actor for demo-friendlychat-android\n23:17:20.965 [NamespaceSystem-akka.actor.default-dispatcher-35] INFO com.firebase.core.namespace.NamespaceActor - Stopping namespace actor for demo-friendlychat-android-default-rtdb\n"}}
[debug] [2021-07-01T03:17:20.983Z] 23:17:20.969 [NamespaceSystem-akka.actor.default-dispatcher-35] INFO com.firebase.core.namespace.NamespaceActor - Gauges removed for demo-friendlychat-android-default-rtdb
23:17:20.982 [NamespaceSystem-akka.actor.default-dispatcher-33] INFO com.firebase.core.namespace.NamespaceActor - Gauges removed for demo-friendlychat-android
 {"metadata":{"emulator":{"name":"database"},"message":"23:17:20.969 [NamespaceSystem-akka.actor.default-dispatcher-35] INFO com.firebase.core.namespace.NamespaceActor - Gauges removed for demo-friendlychat-android-default-rtdb\n23:17:20.982 [NamespaceSystem-akka.actor.default-dispatcher-33] INFO com.firebase.core.namespace.NamespaceActor - Gauges removed for demo-friendlychat-android\n"}}
[debug] [2021-07-01T03:17:21.001Z] 23:17:21.000 [Thread-0] INFO com.firebase.server.forge.App$ - Graceful shutdown complete.
 {"metadata":{"emulator":{"name":"database"},"message":"23:17:21.000 [Thread-0] INFO com.firebase.server.forge.App$ - Graceful shutdown complete.\n"}}
